<?xml version="1.0" encoding="UTF-8"?>
<!-- Generated by org.testng.reporters.JUnitXMLReporter -->
<testsuite ignored="0" hostname="Hemalatha" failures="0" tests="3" name="Command line test" time="18.874" errors="0" timestamp="2022-10-26T23:10:17 IST">
  <testcase classname="mavenexecution.LoginModule1Test" name="Succesfullogin" time="1.865"/>
  <testcase classname="mavenexecution.LoginModule1Test" name="forgetpassword" time="3.321"/>
  <testcase classname="mavenexecution.RegistrationModuleTest" name="validateloginNameField" time="4.291"/>
</testsuite> <!-- Command line test -->
