<?xml version="1.0" encoding="UTF-8"?>
<!-- Generated by org.testng.reporters.JUnitXMLReporter -->
<testsuite ignored="0" hostname="Hemalatha" failures="0" tests="6" name="Test" time="17.706" errors="0" timestamp="2022-10-26T21:30:54 IST">
  <testcase classname="mavenexecution.LoginModule1Test" name="Succesfullogin" time="0.882"/>
  <testcase classname="mavenexecution.LoginModule1Test" name="forgetpassword" time="1.142"/>
  <testcase classname="mavenexecution.REGESTRATIONMODULETEST" name="ValidateLoginNameField1" time="3.64"/>
  <testcase classname="mavenexecution.REGESTRATIONMODULETEST" name="ValidateLoginNameField2" time="2.466"/>
  <testcase classname="mavenexecution.REGESTRATIONMODULETEST" name="ValidateLoginNameField3" time="2.277"/>
  <testcase classname="mavenexecution.REGESTRATIONMODULETEST" name="ValidateLoginNameField4" time="2.087"/>
</testsuite> <!-- Test -->
